<?xml version="1.0" encoding="UTF-8"?>
<testng-results skipped="0" failed="0" ignored="0" total="3" passed="3">
  <reporter-output>
  </reporter-output>
  <suite name="Command line suite" duration-ms="7842" started-at="2019-03-12T07:09:47Z" finished-at="2019-03-12T07:09:55Z">
    <groups>
    </groups>
    <test name="Command line test" duration-ms="7842" started-at="2019-03-12T07:09:47Z" finished-at="2019-03-12T07:09:55Z">
      <class name="TestHomePage">
        <test-method status="PASS" signature="setUp()[pri:0, instance:TestHomePage@2096442d]" name="setUp" is-config="true" duration-ms="1516" started-at="2019-03-12T07:09:47Z" finished-at="2019-03-12T07:09:49Z">
          <reporter-output>
          </reporter-output>
        </test-method> <!-- setUp -->
        <test-method status="PASS" signature="initialize()[pri:0, instance:TestHomePage@2096442d]" name="initialize" is-config="true" duration-ms="3282" started-at="2019-03-12T07:09:49Z" finished-at="2019-03-12T07:09:52Z">
          <reporter-output>
          </reporter-output>
        </test-method> <!-- initialize -->
        <test-method status="PASS" signature="testUserCanNavigateToHomePage()[pri:0, instance:TestHomePage@2096442d]" name="testUserCanNavigateToHomePage" duration-ms="9" started-at="2019-03-12T07:09:52Z" finished-at="2019-03-12T07:09:52Z">
          <reporter-output>
          </reporter-output>
        </test-method> <!-- testUserCanNavigateToHomePage -->
        <test-method status="PASS" signature="testUserCanNavigateToTheSignInPage()[pri:0, instance:TestHomePage@2096442d]" name="testUserCanNavigateToTheSignInPage" duration-ms="1540" started-at="2019-03-12T07:09:52Z" finished-at="2019-03-12T07:09:53Z">
          <reporter-output>
          </reporter-output>
        </test-method> <!-- testUserCanNavigateToTheSignInPage -->
        <test-method status="PASS" signature="testUserCanSearchForDresses()[pri:0, instance:TestHomePage@2096442d]" name="testUserCanSearchForDresses" duration-ms="1367" started-at="2019-03-12T07:09:53Z" finished-at="2019-03-12T07:09:55Z">
          <reporter-output>
          </reporter-output>
        </test-method> <!-- testUserCanSearchForDresses -->
        <test-method status="PASS" signature="cleanUp()[pri:0, instance:TestHomePage@2096442d]" name="cleanUp" is-config="true" duration-ms="114" started-at="2019-03-12T07:09:55Z" finished-at="2019-03-12T07:09:55Z">
          <reporter-output>
          </reporter-output>
        </test-method> <!-- cleanUp -->
      </class> <!-- TestHomePage -->
    </test> <!-- Command line test -->
  </suite> <!-- Command line suite -->
</testng-results>
