<?xml version="1.0" encoding="UTF-8"?>
<!-- Generated by org.testng.reporters.JUnitXMLReporter -->
<testsuite hostname="Mohammads-MacBook-Pro-4.local" ignored="0" tests="3" failures="0" timestamp="12 Mar 2019 07:10:00 GMT" time="7.842" errors="0">
  <testcase name="testUserCanNavigateToHomePage" time="0.009" classname="TestHomePage"/>
  <testcase name="testUserCanNavigateToTheSignInPage" time="1.54" classname="TestHomePage"/>
  <testcase name="testUserCanSearchForDresses" time="1.367" classname="TestHomePage"/>
</testsuite>
